{
  "clazz": "Node",
  "category": "nodes",
  "namespace": "omm::nodes",
  "items": [
    "CastToFloatNode",
    "CastToIntegerNode",
    "CastToFloatVectorNode",
    "CastToIntegerVectorNode",
    "CastToBoolNode",
    "CastToOptionNode",
    "ConstantNode",
    "ComposeNode",
    "ColorConvertNode",
    "DecomposeNode",
    "DecomposeColorNode",
    "ComposeColorNode",
    "FragmentNode",
    "FunctionNode",
    "Function2Node",
    "InterpolateNode",
    "LinePatternNode",
    "MathNode",
    "ReferenceNode",
    "SpyNode",
    "SwitchNode",
    "VertexNode"
  ],
  "register": [
    "{clazz}::register_type<{item}>(\"{item}\");",
    "{clazz}::m_details[\"{item}\"] = &{item}::detail;"
  ],
  "include": "#include \"nodesystem/nodes/{lc_item}.h\""
}

